<?xml version="1.0" encoding="UTF-8"?>
<!-- Generated by org.testng.reporters.JUnitReportReporter -->
<testsuite hostname="DESKTOP-C2LG579" failures="0" tests="3" name="com.sgtesting.Product.Product" time="0.015" errors="0" timestamp="2023-05-01T16:42:40 IST" skipped="0">
  <testcase classname="com.sgtesting.Product.Product" name="createProduct" time="0.010"/>
  <system-out/>
  <testcase classname="com.sgtesting.Product.Product" name="deleteProduct" time="0.003"/>
  <system-out/>
  <testcase classname="com.sgtesting.Product.Product" name="modifyProduct" time="0.002"/>
  <system-out/>
</testsuite> <!-- com.sgtesting.Product.Product -->
