<?xml version="1.0" encoding="UTF-8"?>
<!-- Generated by org.testng.reporters.JUnitReportReporter -->
<testsuite hostname="DESKTOP-C2LG579" failures="0" tests="3" name="com.sgtesting.Users.Users" time="0.012" errors="0" timestamp="2023-05-01T16:44:05 IST" skipped="0">
  <testcase classname="com.sgtesting.Users.Users" name="deleteUser" time="0.002"/>
  <system-out/>
  <testcase classname="com.sgtesting.Users.Users" name="createUser" time="0.009"/>
  <system-out/>
  <testcase classname="com.sgtesting.Users.Users" name="modifyUser" time="0.001"/>
  <system-out/>
</testsuite> <!-- com.sgtesting.Users.Users -->
